<?xml version="1.0" encoding="UTF-8"?>
<testsuite name="org.pongmatcher.web.MatchesControllerTest" time="1.356" tests="3" errors="0" skipped="0" failures="0">
  <properties>
[...]
</properties>
  <testcase name="gettingNonExistentMatch404s" classname="org.pongmatcher.web.MatchesControllerTest" time="1.076"/>
  <testcase name="gettingExistentMatch200s" classname="org.pongmatcher.web.MatchesControllerTest" time="0.062"/>
  <testcase name="gettingExistentMatchReturnsJson" classname="org.pongmatcher.web.MatchesControllerTest" time="0.218"/>
</testsuite>